DEBUG:PIL.Image: Importing BmpImagePlugin (2017-03-25 19:39:28; Image.py:397)
DEBUG:PIL.Image: Importing BufrStubImagePlugin (2017-03-25 19:39:28; Image.py:397)
DEBUG:PIL.Image: Importing CurImagePlugin (2017-03-25 19:39:28; Image.py:397)
DEBUG:PIL.Image: Importing DcxImagePlugin (2017-03-25 19:39:29; Image.py:397)
DEBUG:PIL.Image: Importing DdsImagePlugin (2017-03-25 19:39:29; Image.py:397)
DEBUG:PIL.Image: Importing EpsImagePlugin (2017-03-25 19:39:29; Image.py:397)
DEBUG:PIL.Image: Importing FitsStubImagePlugin (2017-03-25 19:39:29; Image.py:397)
DEBUG:PIL.Image: Importing FliImagePlugin (2017-03-25 19:39:29; Image.py:397)
DEBUG:PIL.Image: Importing FpxImagePlugin (2017-03-25 19:39:29; Image.py:397)
DEBUG:PIL.Image: Importing FtexImagePlugin (2017-03-25 19:39:29; Image.py:397)
DEBUG:PIL.Image: Importing GbrImagePlugin (2017-03-25 19:39:29; Image.py:397)
DEBUG:PIL.Image: Importing GifImagePlugin (2017-03-25 19:39:29; Image.py:397)
DEBUG:PIL.Image: Importing GribStubImagePlugin (2017-03-25 19:39:29; Image.py:397)
DEBUG:PIL.Image: Importing Hdf5StubImagePlugin (2017-03-25 19:39:29; Image.py:397)
DEBUG:PIL.Image: Importing IcnsImagePlugin (2017-03-25 19:39:29; Image.py:397)
DEBUG:PIL.Image: Importing IcoImagePlugin (2017-03-25 19:39:29; Image.py:397)
DEBUG:PIL.Image: Importing ImImagePlugin (2017-03-25 19:39:29; Image.py:397)
DEBUG:PIL.Image: Importing ImtImagePlugin (2017-03-25 19:39:29; Image.py:397)
DEBUG:PIL.Image: Importing IptcImagePlugin (2017-03-25 19:39:29; Image.py:397)
DEBUG:PIL.Image: Importing JpegImagePlugin (2017-03-25 19:39:29; Image.py:397)
DEBUG:PIL.Image: Importing Jpeg2KImagePlugin (2017-03-25 19:39:29; Image.py:397)
DEBUG:PIL.Image: Importing McIdasImagePlugin (2017-03-25 19:39:29; Image.py:397)
DEBUG:PIL.Image: Importing MicImagePlugin (2017-03-25 19:39:29; Image.py:397)
DEBUG:PIL.Image: Importing MpegImagePlugin (2017-03-25 19:39:29; Image.py:397)
DEBUG:PIL.Image: Importing MpoImagePlugin (2017-03-25 19:39:30; Image.py:397)
DEBUG:PIL.Image: Importing MspImagePlugin (2017-03-25 19:39:30; Image.py:397)
DEBUG:PIL.Image: Importing PalmImagePlugin (2017-03-25 19:39:30; Image.py:397)
DEBUG:PIL.Image: Importing PcdImagePlugin (2017-03-25 19:39:30; Image.py:397)
DEBUG:PIL.Image: Importing PcxImagePlugin (2017-03-25 19:39:30; Image.py:397)
DEBUG:PIL.Image: Importing PdfImagePlugin (2017-03-25 19:39:30; Image.py:397)
DEBUG:PIL.Image: Importing PixarImagePlugin (2017-03-25 19:39:30; Image.py:397)
DEBUG:PIL.Image: Importing PngImagePlugin (2017-03-25 19:39:30; Image.py:397)
DEBUG:PIL.Image: Importing PpmImagePlugin (2017-03-25 19:39:30; Image.py:397)
DEBUG:PIL.Image: Importing PsdImagePlugin (2017-03-25 19:39:30; Image.py:397)
DEBUG:PIL.Image: Importing SgiImagePlugin (2017-03-25 19:39:30; Image.py:397)
DEBUG:PIL.Image: Importing SpiderImagePlugin (2017-03-25 19:39:30; Image.py:397)
DEBUG:PIL.Image: Importing SunImagePlugin (2017-03-25 19:39:30; Image.py:397)
DEBUG:PIL.Image: Importing TgaImagePlugin (2017-03-25 19:39:30; Image.py:397)
DEBUG:PIL.Image: Importing TiffImagePlugin (2017-03-25 19:39:30; Image.py:397)
DEBUG:PIL.Image: Importing WebPImagePlugin (2017-03-25 19:39:30; Image.py:397)
DEBUG:PIL.Image: Importing WmfImagePlugin (2017-03-25 19:39:30; Image.py:397)
DEBUG:PIL.Image: Importing XbmImagePlugin (2017-03-25 19:39:30; Image.py:397)
DEBUG:PIL.Image: Importing XpmImagePlugin (2017-03-25 19:39:30; Image.py:397)
DEBUG:PIL.Image: Importing XVThumbImagePlugin (2017-03-25 19:39:30; Image.py:397)
DEBUG:PIL.Image: Importing BmpImagePlugin (2017-03-25 19:39:57; Image.py:397)
DEBUG:PIL.Image: Importing BufrStubImagePlugin (2017-03-25 19:39:57; Image.py:397)
DEBUG:PIL.Image: Importing CurImagePlugin (2017-03-25 19:39:57; Image.py:397)
DEBUG:PIL.Image: Importing DcxImagePlugin (2017-03-25 19:39:57; Image.py:397)
DEBUG:PIL.Image: Importing DdsImagePlugin (2017-03-25 19:39:57; Image.py:397)
DEBUG:PIL.Image: Importing EpsImagePlugin (2017-03-25 19:39:57; Image.py:397)
DEBUG:PIL.Image: Importing FitsStubImagePlugin (2017-03-25 19:39:57; Image.py:397)
DEBUG:PIL.Image: Importing FliImagePlugin (2017-03-25 19:39:57; Image.py:397)
DEBUG:PIL.Image: Importing FpxImagePlugin (2017-03-25 19:39:57; Image.py:397)
DEBUG:PIL.Image: Importing FtexImagePlugin (2017-03-25 19:39:57; Image.py:397)
DEBUG:PIL.Image: Importing GbrImagePlugin (2017-03-25 19:39:57; Image.py:397)
DEBUG:PIL.Image: Importing GifImagePlugin (2017-03-25 19:39:57; Image.py:397)
DEBUG:PIL.Image: Importing GribStubImagePlugin (2017-03-25 19:39:57; Image.py:397)
DEBUG:PIL.Image: Importing Hdf5StubImagePlugin (2017-03-25 19:39:57; Image.py:397)
DEBUG:PIL.Image: Importing IcnsImagePlugin (2017-03-25 19:39:57; Image.py:397)
DEBUG:PIL.Image: Importing IcoImagePlugin (2017-03-25 19:39:57; Image.py:397)
DEBUG:PIL.Image: Importing ImImagePlugin (2017-03-25 19:39:57; Image.py:397)
DEBUG:PIL.Image: Importing ImtImagePlugin (2017-03-25 19:39:57; Image.py:397)
DEBUG:PIL.Image: Importing IptcImagePlugin (2017-03-25 19:39:57; Image.py:397)
DEBUG:PIL.Image: Importing JpegImagePlugin (2017-03-25 19:39:57; Image.py:397)
DEBUG:PIL.Image: Importing Jpeg2KImagePlugin (2017-03-25 19:39:57; Image.py:397)
DEBUG:PIL.Image: Importing McIdasImagePlugin (2017-03-25 19:39:57; Image.py:397)
DEBUG:PIL.Image: Importing MicImagePlugin (2017-03-25 19:39:57; Image.py:397)
DEBUG:PIL.Image: Importing MpegImagePlugin (2017-03-25 19:39:57; Image.py:397)
DEBUG:PIL.Image: Importing MpoImagePlugin (2017-03-25 19:39:57; Image.py:397)
DEBUG:PIL.Image: Importing MspImagePlugin (2017-03-25 19:39:57; Image.py:397)
DEBUG:PIL.Image: Importing PalmImagePlugin (2017-03-25 19:39:57; Image.py:397)
DEBUG:PIL.Image: Importing PcdImagePlugin (2017-03-25 19:39:57; Image.py:397)
DEBUG:PIL.Image: Importing PcxImagePlugin (2017-03-25 19:39:57; Image.py:397)
DEBUG:PIL.Image: Importing PdfImagePlugin (2017-03-25 19:39:57; Image.py:397)
DEBUG:PIL.Image: Importing PixarImagePlugin (2017-03-25 19:39:57; Image.py:397)
DEBUG:PIL.Image: Importing PngImagePlugin (2017-03-25 19:39:57; Image.py:397)
DEBUG:PIL.Image: Importing PpmImagePlugin (2017-03-25 19:39:57; Image.py:397)
DEBUG:PIL.Image: Importing PsdImagePlugin (2017-03-25 19:39:57; Image.py:397)
DEBUG:PIL.Image: Importing SgiImagePlugin (2017-03-25 19:39:57; Image.py:397)
DEBUG:PIL.Image: Importing SpiderImagePlugin (2017-03-25 19:39:57; Image.py:397)
DEBUG:PIL.Image: Importing SunImagePlugin (2017-03-25 19:39:57; Image.py:397)
DEBUG:PIL.Image: Importing TgaImagePlugin (2017-03-25 19:39:57; Image.py:397)
DEBUG:PIL.Image: Importing TiffImagePlugin (2017-03-25 19:39:57; Image.py:397)
DEBUG:PIL.Image: Importing WebPImagePlugin (2017-03-25 19:39:57; Image.py:397)
DEBUG:PIL.Image: Importing WmfImagePlugin (2017-03-25 19:39:57; Image.py:397)
DEBUG:PIL.Image: Importing XbmImagePlugin (2017-03-25 19:39:57; Image.py:397)
DEBUG:PIL.Image: Importing XpmImagePlugin (2017-03-25 19:39:57; Image.py:397)
DEBUG:PIL.Image: Importing XVThumbImagePlugin (2017-03-25 19:39:57; Image.py:397)
DEBUG:PIL.PngImagePlugin: STREAM b'IHDR' 16 13 (2017-03-25 20:02:23; PngImagePlugin.py:135)
DEBUG:PIL.PngImagePlugin: STREAM b'sRGB' 41 1 (2017-03-25 20:02:23; PngImagePlugin.py:135)
DEBUG:PIL.PngImagePlugin: b'sRGB' 41 1 (unknown) (2017-03-25 20:02:23; PngImagePlugin.py:542)
DEBUG:PIL.PngImagePlugin: STREAM b'gAMA' 54 4 (2017-03-25 20:02:23; PngImagePlugin.py:135)
DEBUG:PIL.PngImagePlugin: STREAM b'pHYs' 70 9 (2017-03-25 20:02:23; PngImagePlugin.py:135)
DEBUG:PIL.PngImagePlugin: STREAM b'IDAT' 91 6149 (2017-03-25 20:02:23; PngImagePlugin.py:135)
DEBUG:PIL.PngImagePlugin: STREAM b'IHDR' 16 13 (2017-03-25 20:06:44; PngImagePlugin.py:135)
DEBUG:PIL.PngImagePlugin: STREAM b'sRGB' 41 1 (2017-03-25 20:06:44; PngImagePlugin.py:135)
DEBUG:PIL.PngImagePlugin: b'sRGB' 41 1 (unknown) (2017-03-25 20:06:44; PngImagePlugin.py:542)
DEBUG:PIL.PngImagePlugin: STREAM b'gAMA' 54 4 (2017-03-25 20:06:44; PngImagePlugin.py:135)
DEBUG:PIL.PngImagePlugin: STREAM b'pHYs' 70 9 (2017-03-25 20:06:44; PngImagePlugin.py:135)
DEBUG:PIL.PngImagePlugin: STREAM b'IDAT' 91 6149 (2017-03-25 20:06:45; PngImagePlugin.py:135)
DEBUG:PIL.PngImagePlugin: STREAM b'IHDR' 16 13 (2017-03-25 20:07:04; PngImagePlugin.py:135)
DEBUG:PIL.PngImagePlugin: STREAM b'IDAT' 41 1969 (2017-03-25 20:07:04; PngImagePlugin.py:135)
DEBUG:PIL.PngImagePlugin: STREAM b'IHDR' 16 13 (2017-03-27 14:37:54; PngImagePlugin.py:135)
DEBUG:PIL.PngImagePlugin: STREAM b'IDAT' 41 3473 (2017-03-27 14:37:55; PngImagePlugin.py:135)
DEBUG:PIL.PngImagePlugin: STREAM b'IHDR' 16 13 (2017-03-27 15:07:01; PngImagePlugin.py:135)
DEBUG:PIL.PngImagePlugin: STREAM b'pHYs' 41 9 (2017-03-27 15:07:01; PngImagePlugin.py:135)
DEBUG:PIL.PngImagePlugin: STREAM b'iCCP' 62 2639 (2017-03-27 15:07:01; PngImagePlugin.py:135)
DEBUG:PIL.PngImagePlugin: iCCP profile name b'Photoshop ICC profile' (2017-03-27 15:07:01; PngImagePlugin.py:312)
DEBUG:PIL.PngImagePlugin: Compression method 0 (2017-03-27 15:07:01; PngImagePlugin.py:313)
DEBUG:PIL.PngImagePlugin: STREAM b'cHRM' 2713 32 (2017-03-27 15:07:01; PngImagePlugin.py:135)
DEBUG:PIL.PngImagePlugin: b'cHRM' 2713 32 (unknown) (2017-03-27 15:07:01; PngImagePlugin.py:542)
DEBUG:PIL.PngImagePlugin: STREAM b'IDAT' 2757 20427 (2017-03-27 15:07:01; PngImagePlugin.py:135)
DEBUG:PIL.PngImagePlugin: STREAM b'IHDR' 16 13 (2017-03-27 15:07:01; PngImagePlugin.py:135)
DEBUG:PIL.PngImagePlugin: STREAM b'IDAT' 41 29361 (2017-03-27 15:07:01; PngImagePlugin.py:135)
DEBUG:PIL.PngImagePlugin: STREAM b'IHDR' 16 13 (2017-03-27 15:12:02; PngImagePlugin.py:135)
DEBUG:PIL.PngImagePlugin: STREAM b'IDAT' 41 1030 (2017-03-27 15:12:02; PngImagePlugin.py:135)
DEBUG:PIL.PngImagePlugin: STREAM b'IHDR' 16 13 (2017-03-27 15:12:02; PngImagePlugin.py:135)
DEBUG:PIL.PngImagePlugin: STREAM b'iCCP' 41 2608 (2017-03-27 15:12:02; PngImagePlugin.py:135)
DEBUG:PIL.PngImagePlugin: iCCP profile name b'ICC Profile' (2017-03-27 15:12:02; PngImagePlugin.py:312)
DEBUG:PIL.PngImagePlugin: Compression method 0 (2017-03-27 15:12:02; PngImagePlugin.py:313)
DEBUG:PIL.PngImagePlugin: STREAM b'IDAT' 2661 1292 (2017-03-27 15:12:02; PngImagePlugin.py:135)
DEBUG:PIL.PngImagePlugin: STREAM b'IHDR' 16 13 (2017-03-28 22:15:24; PngImagePlugin.py:135)
DEBUG:PIL.PngImagePlugin: STREAM b'pHYs' 41 9 (2017-03-28 22:15:24; PngImagePlugin.py:135)
DEBUG:PIL.PngImagePlugin: STREAM b'iCCP' 62 2639 (2017-03-28 22:15:24; PngImagePlugin.py:135)
DEBUG:PIL.PngImagePlugin: iCCP profile name b'Photoshop ICC profile' (2017-03-28 22:15:24; PngImagePlugin.py:312)
DEBUG:PIL.PngImagePlugin: Compression method 0 (2017-03-28 22:15:24; PngImagePlugin.py:313)
DEBUG:PIL.PngImagePlugin: STREAM b'cHRM' 2713 32 (2017-03-28 22:15:24; PngImagePlugin.py:135)
DEBUG:PIL.PngImagePlugin: b'cHRM' 2713 32 (unknown) (2017-03-28 22:15:24; PngImagePlugin.py:542)
DEBUG:PIL.PngImagePlugin: STREAM b'IDAT' 2757 30512 (2017-03-28 22:15:24; PngImagePlugin.py:135)
DEBUG:PIL.PngImagePlugin: STREAM b'IHDR' 16 13 (2017-03-28 22:15:24; PngImagePlugin.py:135)
DEBUG:PIL.PngImagePlugin: STREAM b'iCCP' 41 2608 (2017-03-28 22:15:24; PngImagePlugin.py:135)
DEBUG:PIL.PngImagePlugin: iCCP profile name b'ICC Profile' (2017-03-28 22:15:24; PngImagePlugin.py:312)
DEBUG:PIL.PngImagePlugin: Compression method 0 (2017-03-28 22:15:24; PngImagePlugin.py:313)
DEBUG:PIL.PngImagePlugin: STREAM b'IDAT' 2661 4247 (2017-03-28 22:15:24; PngImagePlugin.py:135)
DEBUG:PIL.PngImagePlugin: STREAM b'IHDR' 16 13 (2017-03-28 22:16:28; PngImagePlugin.py:135)
DEBUG:PIL.PngImagePlugin: STREAM b'iCCP' 41 2608 (2017-03-28 22:16:28; PngImagePlugin.py:135)
DEBUG:PIL.PngImagePlugin: iCCP profile name b'ICC Profile' (2017-03-28 22:16:28; PngImagePlugin.py:312)
DEBUG:PIL.PngImagePlugin: Compression method 0 (2017-03-28 22:16:28; PngImagePlugin.py:313)
DEBUG:PIL.PngImagePlugin: STREAM b'IDAT' 2661 849 (2017-03-28 22:16:28; PngImagePlugin.py:135)
DEBUG:PIL.PngImagePlugin: STREAM b'IHDR' 16 13 (2017-03-28 22:16:28; PngImagePlugin.py:135)
DEBUG:PIL.PngImagePlugin: STREAM b'pHYs' 41 9 (2017-03-28 22:16:28; PngImagePlugin.py:135)
DEBUG:PIL.PngImagePlugin: STREAM b'cHRM' 62 32 (2017-03-28 22:16:28; PngImagePlugin.py:135)
DEBUG:PIL.PngImagePlugin: b'cHRM' 62 32 (unknown) (2017-03-28 22:16:28; PngImagePlugin.py:542)
DEBUG:PIL.PngImagePlugin: STREAM b'IDAT' 106 17851 (2017-03-28 22:16:28; PngImagePlugin.py:135)
DEBUG:PIL.PngImagePlugin: STREAM b'IHDR' 16 13 (2017-03-29 15:46:50; PngImagePlugin.py:135)
DEBUG:PIL.PngImagePlugin: STREAM b'iCCP' 41 2608 (2017-03-29 15:46:50; PngImagePlugin.py:135)
DEBUG:PIL.PngImagePlugin: iCCP profile name b'ICC Profile' (2017-03-29 15:46:50; PngImagePlugin.py:312)
DEBUG:PIL.PngImagePlugin: Compression method 0 (2017-03-29 15:46:50; PngImagePlugin.py:313)
DEBUG:PIL.PngImagePlugin: STREAM b'IDAT' 2661 551 (2017-03-29 15:46:50; PngImagePlugin.py:135)
DEBUG:PIL.PngImagePlugin: STREAM b'IHDR' 16 13 (2017-03-29 16:03:32; PngImagePlugin.py:135)
DEBUG:PIL.PngImagePlugin: STREAM b'iCCP' 41 2608 (2017-03-29 16:03:32; PngImagePlugin.py:135)
DEBUG:PIL.PngImagePlugin: iCCP profile name b'ICC Profile' (2017-03-29 16:03:32; PngImagePlugin.py:312)
DEBUG:PIL.PngImagePlugin: Compression method 0 (2017-03-29 16:03:32; PngImagePlugin.py:313)
DEBUG:PIL.PngImagePlugin: STREAM b'IDAT' 2661 2533 (2017-03-29 16:03:32; PngImagePlugin.py:135)
DEBUG:PIL.PngImagePlugin: STREAM b'IHDR' 16 13 (2017-03-29 16:05:15; PngImagePlugin.py:135)
DEBUG:PIL.PngImagePlugin: STREAM b'iCCP' 41 2608 (2017-03-29 16:05:15; PngImagePlugin.py:135)
DEBUG:PIL.PngImagePlugin: iCCP profile name b'ICC Profile' (2017-03-29 16:05:15; PngImagePlugin.py:312)
DEBUG:PIL.PngImagePlugin: Compression method 0 (2017-03-29 16:05:15; PngImagePlugin.py:313)
DEBUG:PIL.PngImagePlugin: STREAM b'IDAT' 2661 2533 (2017-03-29 16:05:15; PngImagePlugin.py:135)
DEBUG:PIL.PngImagePlugin: STREAM b'IHDR' 16 13 (2017-03-29 16:06:07; PngImagePlugin.py:135)
DEBUG:PIL.PngImagePlugin: STREAM b'iCCP' 41 2608 (2017-03-29 16:06:07; PngImagePlugin.py:135)
DEBUG:PIL.PngImagePlugin: iCCP profile name b'ICC Profile' (2017-03-29 16:06:07; PngImagePlugin.py:312)
DEBUG:PIL.PngImagePlugin: Compression method 0 (2017-03-29 16:06:07; PngImagePlugin.py:313)
DEBUG:PIL.PngImagePlugin: STREAM b'IDAT' 2661 710 (2017-03-29 16:06:07; PngImagePlugin.py:135)
DEBUG:PIL.PngImagePlugin: STREAM b'IHDR' 16 13 (2017-03-29 16:06:50; PngImagePlugin.py:135)
DEBUG:PIL.PngImagePlugin: STREAM b'iCCP' 41 2608 (2017-03-29 16:06:50; PngImagePlugin.py:135)
DEBUG:PIL.PngImagePlugin: iCCP profile name b'ICC Profile' (2017-03-29 16:06:50; PngImagePlugin.py:312)
DEBUG:PIL.PngImagePlugin: Compression method 0 (2017-03-29 16:06:50; PngImagePlugin.py:313)
DEBUG:PIL.PngImagePlugin: STREAM b'IDAT' 2661 3659 (2017-03-29 16:06:50; PngImagePlugin.py:135)
DEBUG:PIL.PngImagePlugin: STREAM b'IHDR' 16 13 (2017-03-29 16:08:57; PngImagePlugin.py:135)
DEBUG:PIL.PngImagePlugin: STREAM b'iCCP' 41 2608 (2017-03-29 16:08:57; PngImagePlugin.py:135)
DEBUG:PIL.PngImagePlugin: iCCP profile name b'ICC Profile' (2017-03-29 16:08:57; PngImagePlugin.py:312)
DEBUG:PIL.PngImagePlugin: Compression method 0 (2017-03-29 16:08:57; PngImagePlugin.py:313)
DEBUG:PIL.PngImagePlugin: STREAM b'IDAT' 2661 3991 (2017-03-29 16:08:57; PngImagePlugin.py:135)
DEBUG:PIL.PngImagePlugin: STREAM b'IHDR' 16 13 (2017-03-29 16:09:55; PngImagePlugin.py:135)
DEBUG:PIL.PngImagePlugin: STREAM b'iCCP' 41 2608 (2017-03-29 16:09:55; PngImagePlugin.py:135)
DEBUG:PIL.PngImagePlugin: iCCP profile name b'ICC Profile' (2017-03-29 16:09:55; PngImagePlugin.py:312)
DEBUG:PIL.PngImagePlugin: Compression method 0 (2017-03-29 16:09:55; PngImagePlugin.py:313)
DEBUG:PIL.PngImagePlugin: STREAM b'IDAT' 2661 3401 (2017-03-29 16:09:55; PngImagePlugin.py:135)
DEBUG:PIL.PngImagePlugin: STREAM b'IHDR' 16 13 (2017-03-29 16:10:38; PngImagePlugin.py:135)
DEBUG:PIL.PngImagePlugin: STREAM b'iCCP' 41 2608 (2017-03-29 16:10:38; PngImagePlugin.py:135)
DEBUG:PIL.PngImagePlugin: iCCP profile name b'ICC Profile' (2017-03-29 16:10:38; PngImagePlugin.py:312)
DEBUG:PIL.PngImagePlugin: Compression method 0 (2017-03-29 16:10:38; PngImagePlugin.py:313)
DEBUG:PIL.PngImagePlugin: STREAM b'IDAT' 2661 2620 (2017-03-29 16:10:38; PngImagePlugin.py:135)
DEBUG:PIL.PngImagePlugin: STREAM b'IHDR' 16 13 (2017-03-29 16:11:15; PngImagePlugin.py:135)
DEBUG:PIL.PngImagePlugin: STREAM b'iCCP' 41 2608 (2017-03-29 16:11:15; PngImagePlugin.py:135)
DEBUG:PIL.PngImagePlugin: iCCP profile name b'ICC Profile' (2017-03-29 16:11:16; PngImagePlugin.py:312)
DEBUG:PIL.PngImagePlugin: Compression method 0 (2017-03-29 16:11:16; PngImagePlugin.py:313)
DEBUG:PIL.PngImagePlugin: STREAM b'IDAT' 2661 4722 (2017-03-29 16:11:16; PngImagePlugin.py:135)
DEBUG:PIL.PngImagePlugin: STREAM b'IHDR' 16 13 (2017-03-29 16:12:08; PngImagePlugin.py:135)
DEBUG:PIL.PngImagePlugin: STREAM b'iCCP' 41 2608 (2017-03-29 16:12:08; PngImagePlugin.py:135)
DEBUG:PIL.PngImagePlugin: iCCP profile name b'ICC Profile' (2017-03-29 16:12:08; PngImagePlugin.py:312)
DEBUG:PIL.PngImagePlugin: Compression method 0 (2017-03-29 16:12:08; PngImagePlugin.py:313)
DEBUG:PIL.PngImagePlugin: STREAM b'IDAT' 2661 2603 (2017-03-29 16:12:08; PngImagePlugin.py:135)
DEBUG:PIL.PngImagePlugin: STREAM b'IHDR' 16 13 (2017-03-29 16:35:53; PngImagePlugin.py:135)
DEBUG:PIL.PngImagePlugin: STREAM b'sBIT' 41 4 (2017-03-29 16:35:53; PngImagePlugin.py:135)
DEBUG:PIL.PngImagePlugin: b'sBIT' 41 4 (unknown) (2017-03-29 16:35:53; PngImagePlugin.py:542)
DEBUG:PIL.PngImagePlugin: STREAM b'pHYs' 57 9 (2017-03-29 16:35:53; PngImagePlugin.py:135)
DEBUG:PIL.PngImagePlugin: STREAM b'tEXt' 78 25 (2017-03-29 16:35:53; PngImagePlugin.py:135)
DEBUG:PIL.PngImagePlugin: STREAM b'IDAT' 115 35268 (2017-03-29 16:35:54; PngImagePlugin.py:135)
DEBUG:PIL.PngImagePlugin: STREAM b'IHDR' 16 13 (2017-03-29 16:36:37; PngImagePlugin.py:135)
DEBUG:PIL.PngImagePlugin: STREAM b'sBIT' 41 4 (2017-03-29 16:36:37; PngImagePlugin.py:135)
DEBUG:PIL.PngImagePlugin: b'sBIT' 41 4 (unknown) (2017-03-29 16:36:37; PngImagePlugin.py:542)
DEBUG:PIL.PngImagePlugin: STREAM b'pHYs' 57 9 (2017-03-29 16:36:37; PngImagePlugin.py:135)
DEBUG:PIL.PngImagePlugin: STREAM b'tEXt' 78 25 (2017-03-29 16:36:37; PngImagePlugin.py:135)
DEBUG:PIL.PngImagePlugin: STREAM b'IDAT' 115 35268 (2017-03-29 16:36:37; PngImagePlugin.py:135)
DEBUG:PIL.PngImagePlugin: STREAM b'IHDR' 16 13 (2017-03-30 07:27:14; PngImagePlugin.py:135)
DEBUG:PIL.PngImagePlugin: STREAM b'iCCP' 41 2608 (2017-03-30 07:27:14; PngImagePlugin.py:135)
DEBUG:PIL.PngImagePlugin: iCCP profile name b'ICC Profile' (2017-03-30 07:27:14; PngImagePlugin.py:312)
DEBUG:PIL.PngImagePlugin: Compression method 0 (2017-03-30 07:27:14; PngImagePlugin.py:313)
DEBUG:PIL.PngImagePlugin: STREAM b'IDAT' 2661 3551 (2017-03-30 07:27:14; PngImagePlugin.py:135)
DEBUG:PIL.Image: Importing BmpImagePlugin (2017-03-30 07:36:52; Image.py:397)
DEBUG:PIL.Image: Importing BufrStubImagePlugin (2017-03-30 07:36:52; Image.py:397)
DEBUG:PIL.Image: Importing CurImagePlugin (2017-03-30 07:36:53; Image.py:397)
DEBUG:PIL.Image: Importing DcxImagePlugin (2017-03-30 07:36:53; Image.py:397)
DEBUG:PIL.Image: Importing DdsImagePlugin (2017-03-30 07:36:53; Image.py:397)
DEBUG:PIL.Image: Importing EpsImagePlugin (2017-03-30 07:36:53; Image.py:397)
DEBUG:PIL.Image: Importing FitsStubImagePlugin (2017-03-30 07:36:53; Image.py:397)
DEBUG:PIL.Image: Importing FliImagePlugin (2017-03-30 07:36:53; Image.py:397)
DEBUG:PIL.Image: Importing FpxImagePlugin (2017-03-30 07:36:53; Image.py:397)
DEBUG:PIL.Image: Importing FtexImagePlugin (2017-03-30 07:36:55; Image.py:397)
DEBUG:PIL.Image: Importing GbrImagePlugin (2017-03-30 07:36:55; Image.py:397)
DEBUG:PIL.Image: Importing GifImagePlugin (2017-03-30 07:36:55; Image.py:397)
DEBUG:PIL.Image: Importing GribStubImagePlugin (2017-03-30 07:36:55; Image.py:397)
DEBUG:PIL.Image: Importing Hdf5StubImagePlugin (2017-03-30 07:36:55; Image.py:397)
DEBUG:PIL.Image: Importing IcnsImagePlugin (2017-03-30 07:36:55; Image.py:397)
DEBUG:PIL.Image: Importing IcoImagePlugin (2017-03-30 07:36:55; Image.py:397)
DEBUG:PIL.Image: Importing ImImagePlugin (2017-03-30 07:36:55; Image.py:397)
DEBUG:PIL.Image: Importing ImtImagePlugin (2017-03-30 07:36:55; Image.py:397)
DEBUG:PIL.Image: Importing IptcImagePlugin (2017-03-30 07:36:55; Image.py:397)
DEBUG:PIL.Image: Importing JpegImagePlugin (2017-03-30 07:36:55; Image.py:397)
DEBUG:PIL.Image: Importing Jpeg2KImagePlugin (2017-03-30 07:36:55; Image.py:397)
DEBUG:PIL.Image: Importing McIdasImagePlugin (2017-03-30 07:36:55; Image.py:397)
DEBUG:PIL.Image: Importing MicImagePlugin (2017-03-30 07:36:55; Image.py:397)
DEBUG:PIL.Image: Importing MpegImagePlugin (2017-03-30 07:36:55; Image.py:397)
DEBUG:PIL.Image: Importing MpoImagePlugin (2017-03-30 07:36:55; Image.py:397)
DEBUG:PIL.Image: Importing MspImagePlugin (2017-03-30 07:36:55; Image.py:397)
DEBUG:PIL.Image: Importing PalmImagePlugin (2017-03-30 07:36:56; Image.py:397)
DEBUG:PIL.Image: Importing PcdImagePlugin (2017-03-30 07:36:56; Image.py:397)
DEBUG:PIL.Image: Importing PcxImagePlugin (2017-03-30 07:36:56; Image.py:397)
DEBUG:PIL.Image: Importing PdfImagePlugin (2017-03-30 07:36:56; Image.py:397)
DEBUG:PIL.Image: Importing PixarImagePlugin (2017-03-30 07:36:56; Image.py:397)
DEBUG:PIL.Image: Importing PngImagePlugin (2017-03-30 07:36:56; Image.py:397)
DEBUG:PIL.Image: Importing PpmImagePlugin (2017-03-30 07:36:56; Image.py:397)
DEBUG:PIL.Image: Importing PsdImagePlugin (2017-03-30 07:36:56; Image.py:397)
DEBUG:PIL.Image: Importing SgiImagePlugin (2017-03-30 07:36:56; Image.py:397)
DEBUG:PIL.Image: Importing SpiderImagePlugin (2017-03-30 07:36:56; Image.py:397)
DEBUG:PIL.Image: Importing SunImagePlugin (2017-03-30 07:36:56; Image.py:397)
DEBUG:PIL.Image: Importing TgaImagePlugin (2017-03-30 07:36:56; Image.py:397)
DEBUG:PIL.Image: Importing TiffImagePlugin (2017-03-30 07:36:56; Image.py:397)
DEBUG:PIL.Image: Importing WebPImagePlugin (2017-03-30 07:36:56; Image.py:397)
DEBUG:PIL.Image: Importing WmfImagePlugin (2017-03-30 07:36:56; Image.py:397)
DEBUG:PIL.Image: Importing XbmImagePlugin (2017-03-30 07:36:56; Image.py:397)
DEBUG:PIL.Image: Importing XpmImagePlugin (2017-03-30 07:36:56; Image.py:397)
DEBUG:PIL.Image: Importing XVThumbImagePlugin (2017-03-30 07:36:56; Image.py:397)
DEBUG:PIL.PngImagePlugin: STREAM b'IHDR' 16 13 (2017-03-30 19:39:38; PngImagePlugin.py:135)
DEBUG:PIL.PngImagePlugin: STREAM b'IDAT' 41 8696 (2017-03-30 19:39:38; PngImagePlugin.py:135)
DEBUG:PIL.PngImagePlugin: STREAM b'IHDR' 16 13 (2017-03-30 19:40:43; PngImagePlugin.py:135)
DEBUG:PIL.PngImagePlugin: STREAM b'IDAT' 41 8696 (2017-03-30 19:40:43; PngImagePlugin.py:135)
DEBUG:PIL.PngImagePlugin: STREAM b'IHDR' 16 13 (2017-03-30 19:41:20; PngImagePlugin.py:135)
DEBUG:PIL.PngImagePlugin: STREAM b'IDAT' 41 8696 (2017-03-30 19:41:20; PngImagePlugin.py:135)
DEBUG:PIL.PngImagePlugin: STREAM b'IHDR' 16 13 (2017-03-30 19:43:17; PngImagePlugin.py:135)
DEBUG:PIL.PngImagePlugin: STREAM b'IDAT' 41 8696 (2017-03-30 19:43:17; PngImagePlugin.py:135)
DEBUG:PIL.PngImagePlugin: STREAM b'IHDR' 16 13 (2017-03-30 19:44:03; PngImagePlugin.py:135)
DEBUG:PIL.PngImagePlugin: STREAM b'IDAT' 41 1833 (2017-03-30 19:44:03; PngImagePlugin.py:135)
DEBUG:PIL.PngImagePlugin: STREAM b'IHDR' 16 13 (2017-03-30 19:45:56; PngImagePlugin.py:135)
DEBUG:PIL.PngImagePlugin: STREAM b'IDAT' 41 11498 (2017-03-30 19:45:56; PngImagePlugin.py:135)
